<?xml version="1.0" encoding="UTF-8"?>
<!-- Generated by org.testng.reporters.JUnitXMLReporter -->
<testsuite hostname="Sraavan-Sumith" ignored="0" name="Test555" tests="6" failures="1" timestamp="24 Nov 2018 03:27:38 GMT" time="0.016" errors="0">
  <testcase name="compareNumbers" time="0.001" classname="myTestNG.ParameterTest">
    <skipped/>
  </testcase> <!-- compareNumbers -->
  <testcase name="compareNumbers" time="0.001" classname="myTestNG.ParameterTest">
    <skipped/>
  </testcase> <!-- compareNumbers -->
  <testcase name="compareNumbers" time="0.001" classname="myTestNG.ParameterTest">
    <skipped/>
  </testcase> <!-- compareNumbers -->
  <testcase name="compareNumbers" time="0.001" classname="myTestNG.ParameterTest">
    <failure type="java.lang.AssertionError" message="Num1 &amp;lt; Num2 expected [true] but found [false]">
      <![CDATA[java.lang.AssertionError: Num1 < Num2 expected [true] but found [false]
at myTestNG.ParameterTest.compareNumbers(ParameterTest.java:47)
... Removed 28 stack frames]]>
    </failure>
  </testcase> <!-- compareNumbers -->
  <testcase name="divNumbers" time="0.001" classname="myTestNG.ParameterTest"/>
  <testcase name="sameHeap" time="0.001" classname="myTestNG.ParameterTest"/>
</testsuite> <!-- Test555 -->
