<!DOCTYPE html PUBLIC "-//W3C//DTD XHTML 1.1//EN" "http://www.w3.org/TR/xhtml11/DTD/xhtml11.dtd">
<html xmlns="http://www.w3.org/1999/xhtml">
<head>
<meta http-equiv="content-type" content="text/html; charset=UTF-8"/>
<title>TestNG Report</title>
<style type="text/css">table {margin-bottom:10px;border-collapse:collapse;empty-cells:show}th,td {border:1px solid #009;padding:.25em .5em}th {vertical-align:bottom}td {vertical-align:top}table a {font-weight:bold}.stripe td {background-color: #E6EBF9}.num {text-align:right}.passedodd td {background-color: #3F3}.passedeven td {background-color: #0A0}.skippedodd td {background-color: #DDD}.skippedeven td {background-color: #CCC}.failedodd td,.attn {background-color: #F33}.failedeven td,.stripe .attn {background-color: #D00}.stacktrace {white-space:pre;font-family:monospace}.totop {font-size:85%;text-align:center;border-bottom:2px solid #000}.invisible {display:none}</style>
</head>
<body>
<table>
<tr><th>Test</th><th># Passed</th><th># Skipped</th><th># Failed</th><th>Time (ms)</th><th>Included Groups</th><th>Excluded Groups</th></tr>
<tr><th colspan="7">MyTestSuite</th></tr>
<tr><td><a href="#t0">Test111</a></td><td class="num">4</td><td class="num attn">3</td><td class="num attn">1</td><td class="num">155</td><td></td><td></td></tr>
<tr class="stripe"><td><a href="#t1">Test222</a></td><td class="num">15</td><td class="num attn">21</td><td class="num attn">6</td><td class="num">8,588</td><td></td><td></td></tr>
<tr><td><a href="#t2">Test333</a></td><td class="num">4</td><td class="num">0</td><td class="num">0</td><td class="num">18</td><td>Regression, Smoke</td><td>Database</td></tr>
<tr class="stripe"><td><a href="#t3">Test444</a></td><td class="num">13</td><td class="num attn">6</td><td class="num attn">6</td><td class="num">230</td><td></td><td></td></tr>
<tr><td><a href="#t4">Test555</a></td><td class="num">2</td><td class="num attn">3</td><td class="num attn">1</td><td class="num">16</td><td></td><td></td></tr>
<tr><th>Total</th><th class="num">38</th><th class="num attn">33</th><th class="num attn">14</th><th class="num">9,007</th><th colspan="2"></th></tr>
</table>
<table id='summary'><thead><tr><th>Class</th><th>Method</th><th>Start</th><th>Time (ms)</th></tr></thead><tbody><tr><th colspan="4">MyTestSuite</th></tr></tbody><tbody id="t0"><tr><th colspan="4">Test111 &#8212; failed</th></tr><tr class="failedeven"><td rowspan="1">myTestNG.TestMsg</td><td><a href="#m0">testCalculatorMsg3</a></td><td rowspan="1">1543030049239</td><td rowspan="1">8</td></tr><tr><th colspan="4">Test111 &#8212; skipped</th></tr><tr class="skippedeven"><td rowspan="3">myTestNG.TestMsg</td><td><a href="#m1">testCalculatorMsg3</a></td><td rowspan="3">1543030049215</td><td rowspan="3">2</td></tr><tr class="skippedeven"><td><a href="#m2">testCalculatorMsg3</a></td></tr><tr class="skippedeven"><td><a href="#m3">testCalculatorMsg3</a></td></tr><tr><th colspan="4">Test111 &#8212; passed</th></tr><tr class="passedeven"><td rowspan="2">myTestNG.TestMsg</td><td><a href="#m4">testCalculatorMsg1</a></td><td rowspan="1">1543030049175</td><td rowspan="1">27</td></tr><tr class="passedeven"><td><a href="#m5">testCalculatorMsg2</a></td><td rowspan="1">1543030049209</td><td rowspan="1">2</td></tr><tr class="passedodd"><td rowspan="2">myTestNG.TestMsg1</td><td><a href="#m6">testCalculatorMsg1</a></td><td rowspan="1">1543030049258</td><td rowspan="1">3</td></tr><tr class="passedodd"><td><a href="#m7">testCalculatorMsg2</a></td><td rowspan="1">1543030049263</td><td rowspan="1">7</td></tr></tbody>
<tbody id="t1"><tr><th colspan="4">Test222 &#8212; failed</th></tr><tr class="failedeven"><td rowspan="1">myTestNG.DependsOnGroupsTest</td><td><a href="#m8">accessAdminPage</a></td><td rowspan="1">1543030057771</td><td rowspan="1">3</td></tr><tr class="failedodd"><td rowspan="1">myTestNG.DependsOnMethodsTest</td><td><a href="#m9">greater</a></td><td rowspan="1">1543030057904</td><td rowspan="1">0</td></tr><tr class="failedeven"><td rowspan="3">myTestNG.ExceptionTest</td><td><a href="#m10">test1</a></td><td rowspan="1">1543030057548</td><td rowspan="1">1</td></tr><tr class="failedeven"><td><a href="#m11">test3</a></td><td rowspan="1">1543030057584</td><td rowspan="1">1</td></tr><tr class="failedeven"><td><a href="#m12">test6</a></td><td rowspan="1">1543030057690</td><td rowspan="1">3</td></tr><tr class="failedodd"><td rowspan="1">myTestNG.TimeoutTest</td><td><a href="#m13">timeFailMethod</a></td><td rowspan="1">1543030052458</td><td rowspan="1">1014</td></tr><tr><th colspan="4">Test222 &#8212; skipped</th></tr><tr class="skippedeven"><td rowspan="4">myTestNG.DependsOnGroupsTest</td><td><a href="#m14">accessAdminPage</a></td><td rowspan="3">1543030057716</td><td rowspan="3">15</td></tr><tr class="skippedeven"><td><a href="#m15">accessAdminPage</a></td></tr><tr class="skippedeven"><td><a href="#m16">accessAdminPage</a></td></tr><tr class="skippedeven"><td><a href="#m17">backendGroupDependentTest1</a></td><td rowspan="1">1543030057909</td><td rowspan="1">0</td></tr><tr class="skippedodd"><td rowspan="5">myTestNG.DependsOnMethodsTest</td><td><a href="#m18">add</a></td><td rowspan="1">1543030057914</td><td rowspan="1">0</td></tr><tr class="skippedodd"><td><a href="#m19">greater</a></td><td rowspan="3">1543030057900</td><td rowspan="3">1</td></tr><tr class="skippedodd"><td><a href="#m20">greater</a></td></tr><tr class="skippedodd"><td><a href="#m21">greater</a></td></tr><tr class="skippedodd"><td><a href="#m22">mul</a></td><td rowspan="1">1543030057915</td><td rowspan="1">0</td></tr><tr class="skippedeven"><td rowspan="9">myTestNG.ExceptionTest</td><td><a href="#m23">test1</a></td><td rowspan="3">1543030057544</td><td rowspan="3">1</td></tr><tr class="skippedeven"><td><a href="#m24">test1</a></td></tr><tr class="skippedeven"><td><a href="#m25">test1</a></td></tr><tr class="skippedeven"><td><a href="#m26">test3</a></td><td rowspan="3">1543030057573</td><td rowspan="3">1</td></tr><tr class="skippedeven"><td><a href="#m27">test3</a></td></tr><tr class="skippedeven"><td><a href="#m28">test3</a></td></tr><tr class="skippedeven"><td><a href="#m29">test6</a></td><td rowspan="3">1543030057669</td><td rowspan="3">2</td></tr><tr class="skippedeven"><td><a href="#m30">test6</a></td></tr><tr class="skippedeven"><td><a href="#m31">test6</a></td></tr><tr class="skippedodd"><td rowspan="3">myTestNG.TimeoutTest</td><td><a href="#m32">timeFailMethod</a></td><td rowspan="3">1543030049372</td><td rowspan="3">1044</td></tr><tr class="skippedodd"><td><a href="#m33">timeFailMethod</a></td></tr><tr class="skippedodd"><td><a href="#m34">timeFailMethod</a></td></tr><tr><th colspan="4">Test222 &#8212; passed</th></tr><tr class="passedeven"><td rowspan="8">myTestNG.DependsOnGroupsTest</td><td><a href="#m35">accessHomePage</a></td><td rowspan="1">1543030057777</td><td rowspan="1">105</td></tr><tr class="passedeven"><td><a href="#m36">backendGroupDependentTest2</a></td><td rowspan="1">1543030057910</td><td rowspan="1">1</td></tr><tr class="passedeven"><td><a href="#m37">openConfirmationDialog</a></td><td rowspan="1">1543030057886</td><td rowspan="1">1</td></tr><tr class="passedeven"><td><a href="#m38">openFileDialog</a></td><td rowspan="1">1543030057888</td><td rowspan="1">1</td></tr><tr class="passedeven"><td><a href="#m39">testDelete</a></td><td rowspan="1">1543030057891</td><td rowspan="1">1</td></tr><tr class="passedeven"><td><a href="#m40">testInsert</a></td><td rowspan="1">1543030057893</td><td rowspan="1">0</td></tr><tr class="passedeven"><td><a href="#m41">testUpdate</a></td><td rowspan="1">1543030057894</td><td rowspan="1">1</td></tr><tr class="passedeven"><td><a href="#m42">uiGroupDependentTest</a></td><td rowspan="1">1543030057912</td><td rowspan="1">0</td></tr><tr class="passedodd"><td rowspan="3">myTestNG.DependsOnMethodsTest</td><td><a href="#m43">div</a></td><td rowspan="1">1543030057896</td><td rowspan="1">1</td></tr><tr class="passedodd"><td><a href="#m44">lesser</a></td><td rowspan="1">1543030057906</td><td rowspan="1">1</td></tr><tr class="passedodd"><td><a href="#m45">sub</a></td><td rowspan="1">1543030057918</td><td rowspan="1">35</td></tr><tr class="passedeven"><td rowspan="3">myTestNG.ExceptionTest</td><td><a href="#m46">test2</a></td><td rowspan="1">1543030057552</td><td rowspan="1">3</td></tr><tr class="passedeven"><td><a href="#m47">test4</a></td><td rowspan="1">1543030057632</td><td rowspan="1">3</td></tr><tr class="passedeven"><td><a href="#m48">test5</a></td><td rowspan="1">1543030057644</td><td rowspan="1">3</td></tr><tr class="passedodd"><td rowspan="1">myTestNG.TimeoutTest</td><td><a href="#m49">timePassMethod</a></td><td rowspan="1">1543030053485</td><td rowspan="1">4040</td></tr></tbody>
<tbody id="t2"><tr><th colspan="4">Test333 &#8212; passed</th></tr><tr class="passedeven"><td rowspan="4">myTestNG.GroupTest</td><td><a href="#m50">f1</a></td><td rowspan="1">1543030058142</td><td rowspan="1">1</td></tr><tr class="passedeven"><td><a href="#m51">f2</a></td><td rowspan="1">1543030058145</td><td rowspan="1">4</td></tr><tr class="passedeven"><td><a href="#m52">f4</a></td><td rowspan="1">1543030058152</td><td rowspan="1">1</td></tr><tr class="passedeven"><td><a href="#m53">f5</a></td><td rowspan="1">1543030058155</td><td rowspan="1">1</td></tr></tbody>
<tbody id="t3"><tr><th colspan="4">Test444 &#8212; failed</th></tr><tr class="failedeven"><td rowspan="6">myTestNG.CalculatorDataProviderTest</td><td><a href="#m54">addNumbers</a></td><td rowspan="5">1543030058359</td><td rowspan="5">1</td></tr><tr class="failedeven"><td><a href="#m55">addNumbers</a></td></tr><tr class="failedeven"><td><a href="#m56">addNumbers</a></td></tr><tr class="failedeven"><td><a href="#m57">addNumbers</a></td></tr><tr class="failedeven"><td><a href="#m58">addNumbers</a></td></tr><tr class="failedeven"><td><a href="#m59">mulNumbers</a></td><td rowspan="1">1543030058389</td><td rowspan="1">1</td></tr><tr><th colspan="4">Test444 &#8212; skipped</th></tr><tr class="skippedeven"><td rowspan="6">myTestNG.CalculatorDataProviderTest</td><td><a href="#m60">addNumbers</a></td><td rowspan="3">1543030058253</td><td rowspan="3">5</td></tr><tr class="skippedeven"><td><a href="#m61">addNumbers</a></td></tr><tr class="skippedeven"><td><a href="#m62">addNumbers</a></td></tr><tr class="skippedeven"><td><a href="#m63">mulNumbers</a></td><td rowspan="3">1543030058387</td><td rowspan="3">0</td></tr><tr class="skippedeven"><td><a href="#m64">mulNumbers</a></td></tr><tr class="skippedeven"><td><a href="#m65">mulNumbers</a></td></tr><tr><th colspan="4">Test444 &#8212; passed</th></tr><tr class="passedeven"><td rowspan="8">myTestNG.CalculatorDataProviderTest</td><td><a href="#m66">addNumbers</a></td><td rowspan="3">1543030058341</td><td rowspan="3">2</td></tr><tr class="passedeven"><td><a href="#m67">addNumbers</a></td></tr><tr class="passedeven"><td><a href="#m68">addNumbers</a></td></tr><tr class="passedeven"><td><a href="#m69">mulNumbers</a></td><td rowspan="3">1543030058370</td><td rowspan="3">1</td></tr><tr class="passedeven"><td><a href="#m70">mulNumbers</a></td></tr><tr class="passedeven"><td><a href="#m71">mulNumbers</a></td></tr><tr class="passedeven"><td><a href="#m72">printMessage</a></td><td rowspan="2">1543030058444</td><td rowspan="2">1</td></tr><tr class="passedeven"><td><a href="#m73">printMessage</a></td></tr><tr class="passedodd"><td rowspan="5">myTestNG.DataProviderTest</td><td><a href="#m74">myFunction</a></td><td rowspan="5">1543030058238</td><td rowspan="5">1</td></tr><tr class="passedodd"><td><a href="#m75">myFunction</a></td></tr><tr class="passedodd"><td><a href="#m76">myFunction</a></td></tr><tr class="passedodd"><td><a href="#m77">myFunction</a></td></tr><tr class="passedodd"><td><a href="#m78">myFunction</a></td></tr></tbody>
<tbody id="t4"><tr><th colspan="4">Test555 &#8212; failed</th></tr><tr class="failedeven"><td rowspan="1">myTestNG.ParameterTest</td><td><a href="#m79">compareNumbers</a></td><td rowspan="1">1543030058635</td><td rowspan="1">1</td></tr><tr><th colspan="4">Test555 &#8212; skipped</th></tr><tr class="skippedeven"><td rowspan="3">myTestNG.ParameterTest</td><td><a href="#m80">compareNumbers</a></td><td rowspan="3">1543030058629</td><td rowspan="3">1</td></tr><tr class="skippedeven"><td><a href="#m81">compareNumbers</a></td></tr><tr class="skippedeven"><td><a href="#m82">compareNumbers</a></td></tr><tr><th colspan="4">Test555 &#8212; passed</th></tr><tr class="passedeven"><td rowspan="2">myTestNG.ParameterTest</td><td><a href="#m83">divNumbers</a></td><td rowspan="1">1543030058638</td><td rowspan="1">1</td></tr><tr class="passedeven"><td><a href="#m84">sameHeap</a></td><td rowspan="1">1543030058640</td><td rowspan="1">1</td></tr></tbody>
</table>
<h2>Test111</h2><h3 id="m0">myTestNG.TestMsg#testCalculatorMsg3</h3><table class="result"><tr><th>Exception</th></tr><tr><td><div class="stacktrace">java.lang.AssertionError: M1 and M2 are Equal expected [true] but found [false]
	at myTestNG.TestMsg.testCalculatorMsg3(TestMsg.java:57)
... Removed 28 stack frames</div></td></tr></table><p class="totop"><a href="#summary">back to summary</a></p>
<h3 id="m1">myTestNG.TestMsg#testCalculatorMsg3</h3><table class="result"><tr><th>Exception</th></tr><tr><td><div class="stacktrace">java.lang.AssertionError: M1 and M2 are Equal expected [true] but found [false]
	at myTestNG.TestMsg.testCalculatorMsg3(TestMsg.java:57)
... Removed 28 stack frames</div></td></tr></table><p class="totop"><a href="#summary">back to summary</a></p>
<h3 id="m2">myTestNG.TestMsg#testCalculatorMsg3</h3><table class="result"><tr><th>Exception</th></tr><tr><td><div class="stacktrace">java.lang.AssertionError: M1 and M2 are Equal expected [true] but found [false]
	at myTestNG.TestMsg.testCalculatorMsg3(TestMsg.java:57)
... Removed 28 stack frames</div></td></tr></table><p class="totop"><a href="#summary">back to summary</a></p>
<h3 id="m3">myTestNG.TestMsg#testCalculatorMsg3</h3><table class="result"><tr><th>Exception</th></tr><tr><td><div class="stacktrace">java.lang.AssertionError: M1 and M2 are Equal expected [true] but found [false]
	at myTestNG.TestMsg.testCalculatorMsg3(TestMsg.java:57)
... Removed 28 stack frames</div></td></tr></table><p class="totop"><a href="#summary">back to summary</a></p>
<h3 id="m4">myTestNG.TestMsg#testCalculatorMsg1</h3><table class="result"><tr><th class="invisible"/></tr></table><p class="totop"><a href="#summary">back to summary</a></p>
<h3 id="m5">myTestNG.TestMsg#testCalculatorMsg2</h3><table class="result"><tr><th class="invisible"/></tr></table><p class="totop"><a href="#summary">back to summary</a></p>
<h3 id="m6">myTestNG.TestMsg1#testCalculatorMsg1</h3><table class="result"><tr><th class="invisible"/></tr></table><p class="totop"><a href="#summary">back to summary</a></p>
<h3 id="m7">myTestNG.TestMsg1#testCalculatorMsg2</h3><table class="result"><tr><th class="invisible"/></tr></table><p class="totop"><a href="#summary">back to summary</a></p>
<h2>Test222</h2><h3 id="m8">myTestNG.DependsOnGroupsTest#accessAdminPage</h3><table class="result"><tr><th>Exception</th></tr><tr><td><div class="stacktrace">java.lang.RuntimeException
	at myTestNG.DependsOnGroupsTest.accessAdminPage(DependsOnGroupsTest.java:62)
... Removed 25 stack frames</div></td></tr></table><p class="totop"><a href="#summary">back to summary</a></p>
<h3 id="m9">myTestNG.DependsOnMethodsTest#greater</h3><table class="result"><tr><th>Exception</th></tr><tr><td><div class="stacktrace">java.lang.AssertionError: ????? Failing this Test ?????
	at myTestNG.DependsOnMethodsTest.greater(DependsOnMethodsTest.java:36)
... Removed 26 stack frames</div></td></tr></table><p class="totop"><a href="#summary">back to summary</a></p>
<h3 id="m10">myTestNG.ExceptionTest#test1</h3><table class="result"><tr><th>Exception</th></tr><tr><td><div class="stacktrace">org.testng.TestException: 
Method ExceptionTest.test1()[pri:0, instance:myTestNG.ExceptionTest@2eda0940] should have thrown an exception of type class java.lang.IllegalArgumentException
... Removed 22 stack frames</div></td></tr></table><p class="totop"><a href="#summary">back to summary</a></p>
<h3 id="m11">myTestNG.ExceptionTest#test3</h3><table class="result"><tr><th>Exception</th></tr><tr><td><div class="stacktrace">org.testng.TestException: 
Expected exception of type class java.lang.ArithmeticException but got java.lang.IllegalArgumentException: 24 is less than 36
Caused by: java.lang.IllegalArgumentException: 24 is less than 36
	at myTestNG.Calculator.div(Calculator.java:61)
	at myTestNG.ExceptionTest.test3(ExceptionTest.java:49)
	... 19 more
... Removed 28 stack frames</div></td></tr></table><p class="totop"><a href="#summary">back to summary</a></p>
<h3 id="m12">myTestNG.ExceptionTest#test6</h3><table class="result"><tr><th>Exception</th></tr><tr><td><div class="stacktrace">org.testng.TestException: 
Method ExceptionTest.test6()[pri:0, instance:myTestNG.ExceptionTest@2eda0940] should have thrown an exception of any of types [class java.lang.ArithmeticException, class java.lang.IllegalArgumentException]
... Removed 22 stack frames</div></td></tr></table><p class="totop"><a href="#summary">back to summary</a></p>
<h3 id="m13">myTestNG.TimeoutTest#timeFailMethod</h3><table class="result"><tr><th>Exception</th></tr><tr><td><div class="stacktrace">org.testng.internal.thread.ThreadTimeoutException: Method myTestNG.TimeoutTest.timeFailMethod() didn&apos;t finish within the time-out 1000
	at myTestNG.TimeoutTest.timeFailMethod(TimeoutTest.java:39)
	at java.util.concurrent.Executors$RunnableAdapter.call(Unknown Source)
	at java.util.concurrent.FutureTask.run(Unknown Source)
	at java.util.concurrent.ThreadPoolExecutor.runWorker(Unknown Source)
	at java.util.concurrent.ThreadPoolExecutor$Worker.run(Unknown Source)
	at java.lang.Thread.run(Unknown Source)
... Removed 7 stack frames</div></td></tr></table><p class="totop"><a href="#summary">back to summary</a></p>
<h3 id="m14">myTestNG.DependsOnGroupsTest#accessAdminPage</h3><table class="result"><tr><th>Exception</th></tr><tr><td><div class="stacktrace">java.lang.RuntimeException
	at myTestNG.DependsOnGroupsTest.accessAdminPage(DependsOnGroupsTest.java:62)
... Removed 25 stack frames</div></td></tr></table><p class="totop"><a href="#summary">back to summary</a></p>
<h3 id="m15">myTestNG.DependsOnGroupsTest#accessAdminPage</h3><table class="result"><tr><th>Exception</th></tr><tr><td><div class="stacktrace">java.lang.RuntimeException
	at myTestNG.DependsOnGroupsTest.accessAdminPage(DependsOnGroupsTest.java:62)
... Removed 25 stack frames</div></td></tr></table><p class="totop"><a href="#summary">back to summary</a></p>
<h3 id="m16">myTestNG.DependsOnGroupsTest#accessAdminPage</h3><table class="result"><tr><th>Exception</th></tr><tr><td><div class="stacktrace">java.lang.RuntimeException
	at myTestNG.DependsOnGroupsTest.accessAdminPage(DependsOnGroupsTest.java:62)
... Removed 25 stack frames</div></td></tr></table><p class="totop"><a href="#summary">back to summary</a></p>
<h3 id="m17">myTestNG.DependsOnGroupsTest#backendGroupDependentTest1</h3><table class="result"><tr><th>Exception</th></tr><tr><td><div class="stacktrace">java.lang.Throwable: Method DependsOnGroupsTest.backendGroupDependentTest1()[pri:0, instance:myTestNG.DependsOnGroupsTest@3578436e] depends on not successfully finished methods in group &quot;security&quot;
... Removed 18 stack frames</div></td></tr></table><p class="totop"><a href="#summary">back to summary</a></p>
<h3 id="m18">myTestNG.DependsOnMethodsTest#add</h3><table class="result"><tr><th>Exception</th></tr><tr><td><div class="stacktrace">java.lang.Throwable: Method DependsOnMethodsTest.add()[pri:0, instance:myTestNG.DependsOnMethodsTest@706a04ae] depends on not successfully finished methods
... Removed 18 stack frames</div></td></tr></table><p class="totop"><a href="#summary">back to summary</a></p>
<h3 id="m19">myTestNG.DependsOnMethodsTest#greater</h3><table class="result"><tr><th>Exception</th></tr><tr><td><div class="stacktrace">java.lang.AssertionError: ????? Failing this Test ?????
	at myTestNG.DependsOnMethodsTest.greater(DependsOnMethodsTest.java:36)
... Removed 26 stack frames</div></td></tr></table><p class="totop"><a href="#summary">back to summary</a></p>
<h3 id="m20">myTestNG.DependsOnMethodsTest#greater</h3><table class="result"><tr><th>Exception</th></tr><tr><td><div class="stacktrace">java.lang.AssertionError: ????? Failing this Test ?????
	at myTestNG.DependsOnMethodsTest.greater(DependsOnMethodsTest.java:36)
... Removed 26 stack frames</div></td></tr></table><p class="totop"><a href="#summary">back to summary</a></p>
<h3 id="m21">myTestNG.DependsOnMethodsTest#greater</h3><table class="result"><tr><th>Exception</th></tr><tr><td><div class="stacktrace">java.lang.AssertionError: ????? Failing this Test ?????
	at myTestNG.DependsOnMethodsTest.greater(DependsOnMethodsTest.java:36)
... Removed 26 stack frames</div></td></tr></table><p class="totop"><a href="#summary">back to summary</a></p>
<h3 id="m22">myTestNG.DependsOnMethodsTest#mul</h3><table class="result"><tr><th>Exception</th></tr><tr><td><div class="stacktrace">java.lang.Throwable: Method DependsOnMethodsTest.mul()[pri:0, instance:myTestNG.DependsOnMethodsTest@706a04ae] depends on not successfully finished methods
... Removed 18 stack frames</div></td></tr></table><p class="totop"><a href="#summary">back to summary</a></p>
<h3 id="m23">myTestNG.ExceptionTest#test1</h3><table class="result"><tr><th>Exception</th></tr><tr><td><div class="stacktrace">org.testng.TestException: 
Method ExceptionTest.test1()[pri:0, instance:myTestNG.ExceptionTest@2eda0940] should have thrown an exception of type class java.lang.IllegalArgumentException
... Removed 22 stack frames</div></td></tr></table><p class="totop"><a href="#summary">back to summary</a></p>
<h3 id="m24">myTestNG.ExceptionTest#test1</h3><table class="result"><tr><th>Exception</th></tr><tr><td><div class="stacktrace">org.testng.TestException: 
Method ExceptionTest.test1()[pri:0, instance:myTestNG.ExceptionTest@2eda0940] should have thrown an exception of type class java.lang.IllegalArgumentException
... Removed 22 stack frames</div></td></tr></table><p class="totop"><a href="#summary">back to summary</a></p>
<h3 id="m25">myTestNG.ExceptionTest#test1</h3><table class="result"><tr><th>Exception</th></tr><tr><td><div class="stacktrace">org.testng.TestException: 
Method ExceptionTest.test1()[pri:0, instance:myTestNG.ExceptionTest@2eda0940] should have thrown an exception of type class java.lang.IllegalArgumentException
... Removed 22 stack frames</div></td></tr></table><p class="totop"><a href="#summary">back to summary</a></p>
<h3 id="m26">myTestNG.ExceptionTest#test3</h3><table class="result"><tr><th>Exception</th></tr><tr><td><div class="stacktrace">org.testng.TestException: 
Expected exception of type class java.lang.ArithmeticException but got java.lang.IllegalArgumentException: 24 is less than 36
Caused by: java.lang.IllegalArgumentException: 24 is less than 36
	at myTestNG.Calculator.div(Calculator.java:61)
	at myTestNG.ExceptionTest.test3(ExceptionTest.java:49)
	... 19 more
... Removed 28 stack frames</div></td></tr></table><p class="totop"><a href="#summary">back to summary</a></p>
<h3 id="m27">myTestNG.ExceptionTest#test3</h3><table class="result"><tr><th>Exception</th></tr><tr><td><div class="stacktrace">org.testng.TestException: 
Expected exception of type class java.lang.ArithmeticException but got java.lang.IllegalArgumentException: 24 is less than 36
Caused by: java.lang.IllegalArgumentException: 24 is less than 36
	at myTestNG.Calculator.div(Calculator.java:61)
	at myTestNG.ExceptionTest.test3(ExceptionTest.java:49)
	... 19 more
... Removed 28 stack frames</div></td></tr></table><p class="totop"><a href="#summary">back to summary</a></p>
<h3 id="m28">myTestNG.ExceptionTest#test3</h3><table class="result"><tr><th>Exception</th></tr><tr><td><div class="stacktrace">org.testng.TestException: 
Expected exception of type class java.lang.ArithmeticException but got java.lang.IllegalArgumentException: 24 is less than 36
Caused by: java.lang.IllegalArgumentException: 24 is less than 36
	at myTestNG.Calculator.div(Calculator.java:61)
	at myTestNG.ExceptionTest.test3(ExceptionTest.java:49)
	... 19 more
... Removed 28 stack frames</div></td></tr></table><p class="totop"><a href="#summary">back to summary</a></p>
<h3 id="m29">myTestNG.ExceptionTest#test6</h3><table class="result"><tr><th>Exception</th></tr><tr><td><div class="stacktrace">org.testng.TestException: 
Method ExceptionTest.test6()[pri:0, instance:myTestNG.ExceptionTest@2eda0940] should have thrown an exception of any of types [class java.lang.ArithmeticException, class java.lang.IllegalArgumentException]
... Removed 22 stack frames</div></td></tr></table><p class="totop"><a href="#summary">back to summary</a></p>
<h3 id="m30">myTestNG.ExceptionTest#test6</h3><table class="result"><tr><th>Exception</th></tr><tr><td><div class="stacktrace">org.testng.TestException: 
Method ExceptionTest.test6()[pri:0, instance:myTestNG.ExceptionTest@2eda0940] should have thrown an exception of any of types [class java.lang.ArithmeticException, class java.lang.IllegalArgumentException]
... Removed 22 stack frames</div></td></tr></table><p class="totop"><a href="#summary">back to summary</a></p>
<h3 id="m31">myTestNG.ExceptionTest#test6</h3><table class="result"><tr><th>Exception</th></tr><tr><td><div class="stacktrace">org.testng.TestException: 
Method ExceptionTest.test6()[pri:0, instance:myTestNG.ExceptionTest@2eda0940] should have thrown an exception of any of types [class java.lang.ArithmeticException, class java.lang.IllegalArgumentException]
... Removed 22 stack frames</div></td></tr></table><p class="totop"><a href="#summary">back to summary</a></p>
<h3 id="m32">myTestNG.TimeoutTest#timeFailMethod</h3><table class="result"><tr><th>Exception</th></tr><tr><td><div class="stacktrace">org.testng.internal.thread.ThreadTimeoutException: Method myTestNG.TimeoutTest.timeFailMethod() didn&apos;t finish within the time-out 1000
	at myTestNG.TimeoutTest.timeFailMethod(TimeoutTest.java:39)
	at java.util.concurrent.Executors$RunnableAdapter.call(Unknown Source)
	at java.util.concurrent.FutureTask.run(Unknown Source)
	at java.util.concurrent.ThreadPoolExecutor.runWorker(Unknown Source)
	at java.util.concurrent.ThreadPoolExecutor$Worker.run(Unknown Source)
	at java.lang.Thread.run(Unknown Source)
... Removed 7 stack frames</div></td></tr></table><p class="totop"><a href="#summary">back to summary</a></p>
<h3 id="m33">myTestNG.TimeoutTest#timeFailMethod</h3><table class="result"><tr><th>Exception</th></tr><tr><td><div class="stacktrace">org.testng.internal.thread.ThreadTimeoutException: Method myTestNG.TimeoutTest.timeFailMethod() didn&apos;t finish within the time-out 1000
	at myTestNG.TimeoutTest.timeFailMethod(TimeoutTest.java:39)
	at java.util.concurrent.Executors$RunnableAdapter.call(Unknown Source)
	at java.util.concurrent.FutureTask.run(Unknown Source)
	at java.util.concurrent.ThreadPoolExecutor.runWorker(Unknown Source)
	at java.util.concurrent.ThreadPoolExecutor$Worker.run(Unknown Source)
	at java.lang.Thread.run(Unknown Source)
... Removed 7 stack frames</div></td></tr></table><p class="totop"><a href="#summary">back to summary</a></p>
<h3 id="m34">myTestNG.TimeoutTest#timeFailMethod</h3><table class="result"><tr><th>Exception</th></tr><tr><td><div class="stacktrace">org.testng.internal.thread.ThreadTimeoutException: Method myTestNG.TimeoutTest.timeFailMethod() didn&apos;t finish within the time-out 1000
	at myTestNG.TimeoutTest.timeFailMethod(TimeoutTest.java:39)
	at java.util.concurrent.Executors$RunnableAdapter.call(Unknown Source)
	at java.util.concurrent.FutureTask.run(Unknown Source)
	at java.util.concurrent.ThreadPoolExecutor.runWorker(Unknown Source)
	at java.util.concurrent.ThreadPoolExecutor$Worker.run(Unknown Source)
	at java.lang.Thread.run(Unknown Source)
... Removed 7 stack frames</div></td></tr></table><p class="totop"><a href="#summary">back to summary</a></p>
<h3 id="m35">myTestNG.DependsOnGroupsTest#accessHomePage</h3><table class="result"><tr><th class="invisible"/></tr></table><p class="totop"><a href="#summary">back to summary</a></p>
<h3 id="m36">myTestNG.DependsOnGroupsTest#backendGroupDependentTest2</h3><table class="result"><tr><th class="invisible"/></tr></table><p class="totop"><a href="#summary">back to summary</a></p>
<h3 id="m37">myTestNG.DependsOnGroupsTest#openConfirmationDialog</h3><table class="result"><tr><th class="invisible"/></tr></table><p class="totop"><a href="#summary">back to summary</a></p>
<h3 id="m38">myTestNG.DependsOnGroupsTest#openFileDialog</h3><table class="result"><tr><th class="invisible"/></tr></table><p class="totop"><a href="#summary">back to summary</a></p>
<h3 id="m39">myTestNG.DependsOnGroupsTest#testDelete</h3><table class="result"><tr><th class="invisible"/></tr></table><p class="totop"><a href="#summary">back to summary</a></p>
<h3 id="m40">myTestNG.DependsOnGroupsTest#testInsert</h3><table class="result"><tr><th class="invisible"/></tr></table><p class="totop"><a href="#summary">back to summary</a></p>
<h3 id="m41">myTestNG.DependsOnGroupsTest#testUpdate</h3><table class="result"><tr><th class="invisible"/></tr></table><p class="totop"><a href="#summary">back to summary</a></p>
<h3 id="m42">myTestNG.DependsOnGroupsTest#uiGroupDependentTest</h3><table class="result"><tr><th class="invisible"/></tr></table><p class="totop"><a href="#summary">back to summary</a></p>
<h3 id="m43">myTestNG.DependsOnMethodsTest#div</h3><table class="result"><tr><th class="invisible"/></tr></table><p class="totop"><a href="#summary">back to summary</a></p>
<h3 id="m44">myTestNG.DependsOnMethodsTest#lesser</h3><table class="result"><tr><th class="invisible"/></tr></table><p class="totop"><a href="#summary">back to summary</a></p>
<h3 id="m45">myTestNG.DependsOnMethodsTest#sub</h3><table class="result"><tr><th class="invisible"/></tr></table><p class="totop"><a href="#summary">back to summary</a></p>
<h3 id="m46">myTestNG.ExceptionTest#test2</h3><table class="result"><tr><th>Expected Exception</th></tr><tr><td><div class="stacktrace">java.lang.IllegalArgumentException: 24 is less than 36
	at myTestNG.Calculator.div(Calculator.java:61)
	at myTestNG.ExceptionTest.test2(ExceptionTest.java:42)
... Removed 25 stack frames</div></td></tr></table><p class="totop"><a href="#summary">back to summary</a></p>
<h3 id="m47">myTestNG.ExceptionTest#test4</h3><table class="result"><tr><th>Expected Exception</th></tr><tr><td><div class="stacktrace">java.lang.ArithmeticException: / by zero
	at myTestNG.Calculator.div(Calculator.java:64)
	at myTestNG.ExceptionTest.test4(ExceptionTest.java:55)
... Removed 25 stack frames</div></td></tr></table><p class="totop"><a href="#summary">back to summary</a></p>
<h3 id="m48">myTestNG.ExceptionTest#test5</h3><table class="result"><tr><th>Expected Exception</th></tr><tr><td><div class="stacktrace">java.lang.IllegalArgumentException: -8 is less than 0
	at myTestNG.Calculator.div(Calculator.java:61)
	at myTestNG.ExceptionTest.test5(ExceptionTest.java:61)
... Removed 25 stack frames</div></td></tr></table><p class="totop"><a href="#summary">back to summary</a></p>
<h3 id="m49">myTestNG.TimeoutTest#timePassMethod</h3><table class="result"><tr><th class="invisible"/></tr></table><p class="totop"><a href="#summary">back to summary</a></p>
<h2>Test333</h2><h3 id="m50">myTestNG.GroupTest#f1</h3><table class="result"><tr><th class="invisible"/></tr></table><p class="totop"><a href="#summary">back to summary</a></p>
<h3 id="m51">myTestNG.GroupTest#f2</h3><table class="result"><tr><th class="invisible"/></tr></table><p class="totop"><a href="#summary">back to summary</a></p>
<h3 id="m52">myTestNG.GroupTest#f4</h3><table class="result"><tr><th class="invisible"/></tr></table><p class="totop"><a href="#summary">back to summary</a></p>
<h3 id="m53">myTestNG.GroupTest#f5</h3><table class="result"><tr><th class="invisible"/></tr></table><p class="totop"><a href="#summary">back to summary</a></p>
<h2>Test444</h2><h3 id="m54">myTestNG.CalculatorDataProviderTest#addNumbers</h3><table class="result"><tr class="param"><th>Parameter #1</th><th>Parameter #2</th><th>Parameter #3</th></tr><tr class="param stripe"><td>7</td><td>4</td><td>19</td></tr><tr><th colspan="3">Exception</th></tr><tr><td colspan="3"><div class="stacktrace">java.lang.AssertionError: expected [19] but found [11]
	at myTestNG.CalculatorDataProviderTest.addNumbers(CalculatorDataProviderTest.java:36)
... Removed 31 stack frames</div></td></tr></table><p class="totop"><a href="#summary">back to summary</a></p>
<h3 id="m55">myTestNG.CalculatorDataProviderTest#addNumbers</h3><table class="result"><tr class="param"><th>Parameter #1</th><th>Parameter #2</th><th>Parameter #3</th></tr><tr class="param stripe"><td>1</td><td>2</td><td>2</td></tr><tr><th colspan="3">Exception</th></tr><tr><td colspan="3"><div class="stacktrace">java.lang.AssertionError: expected [2] but found [3]
	at myTestNG.CalculatorDataProviderTest.addNumbers(CalculatorDataProviderTest.java:36)
... Removed 31 stack frames</div></td></tr></table><p class="totop"><a href="#summary">back to summary</a></p>
<h3 id="m56">myTestNG.CalculatorDataProviderTest#addNumbers</h3><table class="result"><tr class="param"><th>Parameter #1</th><th>Parameter #2</th><th>Parameter #3</th></tr><tr class="param stripe"><td>16</td><td>44</td><td>2</td></tr><tr><th colspan="3">Exception</th></tr><tr><td colspan="3"><div class="stacktrace">java.lang.AssertionError: expected [2] but found [60]
	at myTestNG.CalculatorDataProviderTest.addNumbers(CalculatorDataProviderTest.java:36)
... Removed 31 stack frames</div></td></tr></table><p class="totop"><a href="#summary">back to summary</a></p>
<h3 id="m57">myTestNG.CalculatorDataProviderTest#addNumbers</h3><table class="result"><tr class="param"><th>Parameter #1</th><th>Parameter #2</th><th>Parameter #3</th></tr><tr class="param stripe"><td>7</td><td>4</td><td>19</td></tr><tr><th colspan="3">Exception</th></tr><tr><td colspan="3"><div class="stacktrace">java.lang.AssertionError: expected [19] but found [11]
	at myTestNG.CalculatorDataProviderTest.addNumbers(CalculatorDataProviderTest.java:36)
... Removed 31 stack frames</div></td></tr></table><p class="totop"><a href="#summary">back to summary</a></p>
<h3 id="m58">myTestNG.CalculatorDataProviderTest#addNumbers</h3><table class="result"><tr class="param"><th>Parameter #1</th><th>Parameter #2</th><th>Parameter #3</th></tr><tr class="param stripe"><td>1</td><td>2</td><td>2</td></tr><tr><th colspan="3">Exception</th></tr><tr><td colspan="3"><div class="stacktrace">java.lang.AssertionError: expected [2] but found [3]
	at myTestNG.CalculatorDataProviderTest.addNumbers(CalculatorDataProviderTest.java:36)
... Removed 31 stack frames</div></td></tr></table><p class="totop"><a href="#summary">back to summary</a></p>
<h3 id="m59">myTestNG.CalculatorDataProviderTest#mulNumbers</h3><table class="result"><tr class="param"><th>Parameter #1</th><th>Parameter #2</th><th>Parameter #3</th></tr><tr class="param stripe"><td>7</td><td>3</td><td>36</td></tr><tr><th colspan="3">Exception</th></tr><tr><td colspan="3"><div class="stacktrace">java.lang.AssertionError: MULTIPLICATION FAILED expected [36] but found [21]
	at myTestNG.CalculatorDataProviderTest.mulNumbers(CalculatorDataProviderTest.java:44)
... Removed 30 stack frames</div></td></tr></table><p class="totop"><a href="#summary">back to summary</a></p>
<h3 id="m60">myTestNG.CalculatorDataProviderTest#addNumbers</h3><table class="result"><tr class="param"><th>Parameter #1</th><th>Parameter #2</th><th>Parameter #3</th></tr><tr class="param stripe"><td>16</td><td>44</td><td>2</td></tr><tr><th colspan="3">Exception</th></tr><tr><td colspan="3"><div class="stacktrace">java.lang.AssertionError: expected [2] but found [60]
	at myTestNG.CalculatorDataProviderTest.addNumbers(CalculatorDataProviderTest.java:36)
... Removed 31 stack frames</div></td></tr></table><p class="totop"><a href="#summary">back to summary</a></p>
<h3 id="m61">myTestNG.CalculatorDataProviderTest#addNumbers</h3><table class="result"><tr class="param"><th>Parameter #1</th><th>Parameter #2</th><th>Parameter #3</th></tr><tr class="param stripe"><td>16</td><td>44</td><td>2</td></tr><tr><th colspan="3">Exception</th></tr><tr><td colspan="3"><div class="stacktrace">java.lang.AssertionError: expected [2] but found [60]
	at myTestNG.CalculatorDataProviderTest.addNumbers(CalculatorDataProviderTest.java:36)
... Removed 31 stack frames</div></td></tr></table><p class="totop"><a href="#summary">back to summary</a></p>
<h3 id="m62">myTestNG.CalculatorDataProviderTest#addNumbers</h3><table class="result"><tr class="param"><th>Parameter #1</th><th>Parameter #2</th><th>Parameter #3</th></tr><tr class="param stripe"><td>16</td><td>44</td><td>2</td></tr><tr><th colspan="3">Exception</th></tr><tr><td colspan="3"><div class="stacktrace">java.lang.AssertionError: expected [2] but found [60]
	at myTestNG.CalculatorDataProviderTest.addNumbers(CalculatorDataProviderTest.java:36)
... Removed 31 stack frames</div></td></tr></table><p class="totop"><a href="#summary">back to summary</a></p>
<h3 id="m63">myTestNG.CalculatorDataProviderTest#mulNumbers</h3><table class="result"><tr class="param"><th>Parameter #1</th><th>Parameter #2</th><th>Parameter #3</th></tr><tr class="param stripe"><td>7</td><td>3</td><td>36</td></tr><tr><th colspan="3">Exception</th></tr><tr><td colspan="3"><div class="stacktrace">java.lang.AssertionError: MULTIPLICATION FAILED expected [36] but found [21]
	at myTestNG.CalculatorDataProviderTest.mulNumbers(CalculatorDataProviderTest.java:44)
... Removed 30 stack frames</div></td></tr></table><p class="totop"><a href="#summary">back to summary</a></p>
<h3 id="m64">myTestNG.CalculatorDataProviderTest#mulNumbers</h3><table class="result"><tr class="param"><th>Parameter #1</th><th>Parameter #2</th><th>Parameter #3</th></tr><tr class="param stripe"><td>7</td><td>3</td><td>36</td></tr><tr><th colspan="3">Exception</th></tr><tr><td colspan="3"><div class="stacktrace">java.lang.AssertionError: MULTIPLICATION FAILED expected [36] but found [21]
	at myTestNG.CalculatorDataProviderTest.mulNumbers(CalculatorDataProviderTest.java:44)
... Removed 30 stack frames</div></td></tr></table><p class="totop"><a href="#summary">back to summary</a></p>
<h3 id="m65">myTestNG.CalculatorDataProviderTest#mulNumbers</h3><table class="result"><tr class="param"><th>Parameter #1</th><th>Parameter #2</th><th>Parameter #3</th></tr><tr class="param stripe"><td>7</td><td>3</td><td>36</td></tr><tr><th colspan="3">Exception</th></tr><tr><td colspan="3"><div class="stacktrace">java.lang.AssertionError: MULTIPLICATION FAILED expected [36] but found [21]
	at myTestNG.CalculatorDataProviderTest.mulNumbers(CalculatorDataProviderTest.java:44)
... Removed 30 stack frames</div></td></tr></table><p class="totop"><a href="#summary">back to summary</a></p>
<h3 id="m66">myTestNG.CalculatorDataProviderTest#addNumbers</h3><table class="result"><tr class="param"><th>Parameter #1</th><th>Parameter #2</th><th>Parameter #3</th></tr><tr class="param stripe"><td>60</td><td>70</td><td>130</td></tr></table><p class="totop"><a href="#summary">back to summary</a></p>
<h3 id="m67">myTestNG.CalculatorDataProviderTest#addNumbers</h3><table class="result"><tr class="param"><th>Parameter #1</th><th>Parameter #2</th><th>Parameter #3</th></tr><tr class="param stripe"><td>100</td><td>11</td><td>111</td></tr></table><p class="totop"><a href="#summary">back to summary</a></p>
<h3 id="m68">myTestNG.CalculatorDataProviderTest#addNumbers</h3><table class="result"><tr class="param"><th>Parameter #1</th><th>Parameter #2</th><th>Parameter #3</th></tr><tr class="param stripe"><td>6</td><td>4</td><td>10</td></tr></table><p class="totop"><a href="#summary">back to summary</a></p>
<h3 id="m69">myTestNG.CalculatorDataProviderTest#mulNumbers</h3><table class="result"><tr class="param"><th>Parameter #1</th><th>Parameter #2</th><th>Parameter #3</th></tr><tr class="param stripe"><td>10</td><td>6</td><td>60</td></tr></table><p class="totop"><a href="#summary">back to summary</a></p>
<h3 id="m70">myTestNG.CalculatorDataProviderTest#mulNumbers</h3><table class="result"><tr class="param"><th>Parameter #1</th><th>Parameter #2</th><th>Parameter #3</th></tr><tr class="param stripe"><td>4</td><td>5</td><td>20</td></tr></table><p class="totop"><a href="#summary">back to summary</a></p>
<h3 id="m71">myTestNG.CalculatorDataProviderTest#mulNumbers</h3><table class="result"><tr class="param"><th>Parameter #1</th><th>Parameter #2</th><th>Parameter #3</th></tr><tr class="param stripe"><td>0</td><td>4</td><td>0</td></tr></table><p class="totop"><a href="#summary">back to summary</a></p>
<h3 id="m72">myTestNG.CalculatorDataProviderTest#printMessage</h3><table class="result"><tr class="param"><th>Parameter #1</th></tr><tr class="param stripe"><td>Thank You</td></tr></table><p class="totop"><a href="#summary">back to summary</a></p>
<h3 id="m73">myTestNG.CalculatorDataProviderTest#printMessage</h3><table class="result"><tr class="param"><th>Parameter #1</th></tr><tr class="param stripe"><td>Welcome</td></tr></table><p class="totop"><a href="#summary">back to summary</a></p>
<h3 id="m74">myTestNG.DataProviderTest#myFunction</h3><table class="result"><tr class="param"><th>Parameter #1</th><th>Parameter #2</th><th>Parameter #3</th></tr><tr class="param stripe"><td>3</td><td>Saurabh</td><td>99999</td></tr></table><p class="totop"><a href="#summary">back to summary</a></p>
<h3 id="m75">myTestNG.DataProviderTest#myFunction</h3><table class="result"><tr class="param"><th>Parameter #1</th><th>Parameter #2</th><th>Parameter #3</th></tr><tr class="param stripe"><td>1</td><td>Sumith</td><td>33333</td></tr></table><p class="totop"><a href="#summary">back to summary</a></p>
<h3 id="m76">myTestNG.DataProviderTest#myFunction</h3><table class="result"><tr class="param"><th>Parameter #1</th><th>Parameter #2</th><th>Parameter #3</th></tr><tr class="param stripe"><td>4</td><td>Deepak</td><td>44444</td></tr></table><p class="totop"><a href="#summary">back to summary</a></p>
<h3 id="m77">myTestNG.DataProviderTest#myFunction</h3><table class="result"><tr class="param"><th>Parameter #1</th><th>Parameter #2</th><th>Parameter #3</th></tr><tr class="param stripe"><td>5</td><td>Bageesh</td><td>77777</td></tr></table><p class="totop"><a href="#summary">back to summary</a></p>
<h3 id="m78">myTestNG.DataProviderTest#myFunction</h3><table class="result"><tr class="param"><th>Parameter #1</th><th>Parameter #2</th><th>Parameter #3</th></tr><tr class="param stripe"><td>2</td><td>Suyog</td><td>66666</td></tr></table><p class="totop"><a href="#summary">back to summary</a></p>
<h2>Test555</h2><h3 id="m79">myTestNG.ParameterTest#compareNumbers</h3><table class="result"><tr class="param"><th>Parameter #1</th><th>Parameter #2</th><th>Parameter #3</th></tr><tr class="param stripe"><td>36</td><td>12</td><td>3</td></tr><tr><th colspan="3">Exception</th></tr><tr><td colspan="3"><div class="stacktrace">java.lang.AssertionError: Num1 &lt; Num2 expected [true] but found [false]
	at myTestNG.ParameterTest.compareNumbers(ParameterTest.java:47)
... Removed 28 stack frames</div></td></tr></table><p class="totop"><a href="#summary">back to summary</a></p>
<h3 id="m80">myTestNG.ParameterTest#compareNumbers</h3><table class="result"><tr class="param"><th>Parameter #1</th><th>Parameter #2</th><th>Parameter #3</th></tr><tr class="param stripe"><td>36</td><td>12</td><td>3</td></tr><tr><th colspan="3">Exception</th></tr><tr><td colspan="3"><div class="stacktrace">java.lang.AssertionError: Num1 &lt; Num2 expected [true] but found [false]
	at myTestNG.ParameterTest.compareNumbers(ParameterTest.java:47)
... Removed 28 stack frames</div></td></tr></table><p class="totop"><a href="#summary">back to summary</a></p>
<h3 id="m81">myTestNG.ParameterTest#compareNumbers</h3><table class="result"><tr class="param"><th>Parameter #1</th><th>Parameter #2</th><th>Parameter #3</th></tr><tr class="param stripe"><td>36</td><td>12</td><td>3</td></tr><tr><th colspan="3">Exception</th></tr><tr><td colspan="3"><div class="stacktrace">java.lang.AssertionError: Num1 &lt; Num2 expected [true] but found [false]
	at myTestNG.ParameterTest.compareNumbers(ParameterTest.java:47)
... Removed 28 stack frames</div></td></tr></table><p class="totop"><a href="#summary">back to summary</a></p>
<h3 id="m82">myTestNG.ParameterTest#compareNumbers</h3><table class="result"><tr class="param"><th>Parameter #1</th><th>Parameter #2</th><th>Parameter #3</th></tr><tr class="param stripe"><td>36</td><td>12</td><td>3</td></tr><tr><th colspan="3">Exception</th></tr><tr><td colspan="3"><div class="stacktrace">java.lang.AssertionError: Num1 &lt; Num2 expected [true] but found [false]
	at myTestNG.ParameterTest.compareNumbers(ParameterTest.java:47)
... Removed 28 stack frames</div></td></tr></table><p class="totop"><a href="#summary">back to summary</a></p>
<h3 id="m83">myTestNG.ParameterTest#divNumbers</h3><table class="result"><tr class="param"><th>Parameter #1</th><th>Parameter #2</th><th>Parameter #3</th></tr><tr class="param stripe"><td>36</td><td>12</td><td>3</td></tr></table><p class="totop"><a href="#summary">back to summary</a></p>
<h3 id="m84">myTestNG.ParameterTest#sameHeap</h3><table class="result"><tr class="param"><th>Parameter #1</th><th>Parameter #2</th><th>Parameter #3</th></tr><tr class="param stripe"><td>36</td><td>12</td><td>3</td></tr></table><p class="totop"><a href="#summary">back to summary</a></p>
</body>
</html>
